I, [2020-02-20T20:56:54.602918 #6317]  INFO -- : [73c9fc33-ab9e-4e74-a02e-3cb7b79c77b5] Started GET "/" for 127.0.0.1 at 2020-02-20 20:56:54 +0100
I, [2020-02-20T20:56:54.603968 #6317]  INFO -- : [73c9fc33-ab9e-4e74-a02e-3cb7b79c77b5] Processing by EventsController#index as HTML
I, [2020-02-20T20:56:54.613293 #6317]  INFO -- : [73c9fc33-ab9e-4e74-a02e-3cb7b79c77b5]   Rendering events/index.html.erb within layouts/application
I, [2020-02-20T20:56:54.633222 #6317]  INFO -- : [73c9fc33-ab9e-4e74-a02e-3cb7b79c77b5]   Rendered events/index.html.erb within layouts/application (19.7ms)
I, [2020-02-20T20:56:54.633551 #6317]  INFO -- : [73c9fc33-ab9e-4e74-a02e-3cb7b79c77b5] Completed 500 Internal Server Error in 29ms
F, [2020-02-20T20:56:54.635416 #6317] FATAL -- : [73c9fc33-ab9e-4e74-a02e-3cb7b79c77b5]   
F, [2020-02-20T20:56:54.635570 #6317] FATAL -- : [73c9fc33-ab9e-4e74-a02e-3cb7b79c77b5] ActionView::Template::Error (FATAL:  authentification peer échouée pour l'utilisateur « eventbrite_clone »
):
F, [2020-02-20T20:56:54.635856 #6317] FATAL -- : [73c9fc33-ab9e-4e74-a02e-3cb7b79c77b5]     14: <main class="container">
[73c9fc33-ab9e-4e74-a02e-3cb7b79c77b5]     15: <h1 class="d-flex justify-content-center">Liste des évènements à venir</h1>
[73c9fc33-ab9e-4e74-a02e-3cb7b79c77b5]     16: 
[73c9fc33-ab9e-4e74-a02e-3cb7b79c77b5]     17: <% @events.each do |event| %>
[73c9fc33-ab9e-4e74-a02e-3cb7b79c77b5]     18: 
[73c9fc33-ab9e-4e74-a02e-3cb7b79c77b5]     19: <div class="card my-3">
[73c9fc33-ab9e-4e74-a02e-3cb7b79c77b5]     20:   <div class="card-header">
F, [2020-02-20T20:56:54.635922 #6317] FATAL -- : [73c9fc33-ab9e-4e74-a02e-3cb7b79c77b5]   
F, [2020-02-20T20:56:54.635978 #6317] FATAL -- : [73c9fc33-ab9e-4e74-a02e-3cb7b79c77b5] app/views/events/index.html.erb:17:in `_app_views_events_index_html_erb__3753380628771781024_70301266315100'
I, [2020-02-20T20:57:06.024149 #6317]  INFO -- : [bf3b0789-f877-4488-a719-8470703e8192] Started GET "/" for 127.0.0.1 at 2020-02-20 20:57:06 +0100
I, [2020-02-20T20:57:06.025003 #6317]  INFO -- : [bf3b0789-f877-4488-a719-8470703e8192] Processing by EventsController#index as HTML
I, [2020-02-20T20:57:06.026561 #6317]  INFO -- : [bf3b0789-f877-4488-a719-8470703e8192]   Rendering events/index.html.erb within layouts/application
I, [2020-02-20T20:57:06.031233 #6317]  INFO -- : [bf3b0789-f877-4488-a719-8470703e8192]   Rendered events/index.html.erb within layouts/application (4.5ms)
I, [2020-02-20T20:57:06.031419 #6317]  INFO -- : [bf3b0789-f877-4488-a719-8470703e8192] Completed 500 Internal Server Error in 6ms
F, [2020-02-20T20:57:06.032657 #6317] FATAL -- : [bf3b0789-f877-4488-a719-8470703e8192]   
F, [2020-02-20T20:57:06.032750 #6317] FATAL -- : [bf3b0789-f877-4488-a719-8470703e8192] ActionView::Template::Error (FATAL:  authentification peer échouée pour l'utilisateur « eventbrite_clone »
):
F, [2020-02-20T20:57:06.032944 #6317] FATAL -- : [bf3b0789-f877-4488-a719-8470703e8192]     14: <main class="container">
[bf3b0789-f877-4488-a719-8470703e8192]     15: <h1 class="d-flex justify-content-center">Liste des évènements à venir</h1>
[bf3b0789-f877-4488-a719-8470703e8192]     16: 
[bf3b0789-f877-4488-a719-8470703e8192]     17: <% @events.each do |event| %>
[bf3b0789-f877-4488-a719-8470703e8192]     18: 
[bf3b0789-f877-4488-a719-8470703e8192]     19: <div class="card my-3">
[bf3b0789-f877-4488-a719-8470703e8192]     20:   <div class="card-header">
F, [2020-02-20T20:57:06.032995 #6317] FATAL -- : [bf3b0789-f877-4488-a719-8470703e8192]   
F, [2020-02-20T20:57:06.033042 #6317] FATAL -- : [bf3b0789-f877-4488-a719-8470703e8192] app/views/events/index.html.erb:17:in `_app_views_events_index_html_erb__3753380628771781024_70301266315100'
I, [2020-02-20T20:57:07.220285 #6317]  INFO -- : [03fbbbea-0a66-4669-96ba-582949ca28d6] Started GET "/" for 127.0.0.1 at 2020-02-20 20:57:07 +0100
I, [2020-02-20T20:57:07.221519 #6317]  INFO -- : [03fbbbea-0a66-4669-96ba-582949ca28d6] Processing by EventsController#index as HTML
I, [2020-02-20T20:57:07.223918 #6317]  INFO -- : [03fbbbea-0a66-4669-96ba-582949ca28d6]   Rendering events/index.html.erb within layouts/application
I, [2020-02-20T20:57:07.229282 #6317]  INFO -- : [03fbbbea-0a66-4669-96ba-582949ca28d6]   Rendered events/index.html.erb within layouts/application (5.2ms)
I, [2020-02-20T20:57:07.229515 #6317]  INFO -- : [03fbbbea-0a66-4669-96ba-582949ca28d6] Completed 500 Internal Server Error in 8ms
F, [2020-02-20T20:57:07.230467 #6317] FATAL -- : [03fbbbea-0a66-4669-96ba-582949ca28d6]   
F, [2020-02-20T20:57:07.230518 #6317] FATAL -- : [03fbbbea-0a66-4669-96ba-582949ca28d6] ActionView::Template::Error (FATAL:  authentification peer échouée pour l'utilisateur « eventbrite_clone »
):
F, [2020-02-20T20:57:07.230665 #6317] FATAL -- : [03fbbbea-0a66-4669-96ba-582949ca28d6]     14: <main class="container">
[03fbbbea-0a66-4669-96ba-582949ca28d6]     15: <h1 class="d-flex justify-content-center">Liste des évènements à venir</h1>
[03fbbbea-0a66-4669-96ba-582949ca28d6]     16: 
[03fbbbea-0a66-4669-96ba-582949ca28d6]     17: <% @events.each do |event| %>
[03fbbbea-0a66-4669-96ba-582949ca28d6]     18: 
[03fbbbea-0a66-4669-96ba-582949ca28d6]     19: <div class="card my-3">
[03fbbbea-0a66-4669-96ba-582949ca28d6]     20:   <div class="card-header">
F, [2020-02-20T20:57:07.230696 #6317] FATAL -- : [03fbbbea-0a66-4669-96ba-582949ca28d6]   
F, [2020-02-20T20:57:07.230730 #6317] FATAL -- : [03fbbbea-0a66-4669-96ba-582949ca28d6] app/views/events/index.html.erb:17:in `_app_views_events_index_html_erb__3753380628771781024_70301266315100'
I, [2020-02-20T20:57:07.820303 #6317]  INFO -- : [8b22aea3-6310-4092-a3a0-ed730447abf0] Started GET "/" for 127.0.0.1 at 2020-02-20 20:57:07 +0100
I, [2020-02-20T20:57:07.821092 #6317]  INFO -- : [8b22aea3-6310-4092-a3a0-ed730447abf0] Processing by EventsController#index as HTML
I, [2020-02-20T20:57:07.822467 #6317]  INFO -- : [8b22aea3-6310-4092-a3a0-ed730447abf0]   Rendering events/index.html.erb within layouts/application
I, [2020-02-20T20:57:07.826592 #6317]  INFO -- : [8b22aea3-6310-4092-a3a0-ed730447abf0]   Rendered events/index.html.erb within layouts/application (4.0ms)
I, [2020-02-20T20:57:07.826811 #6317]  INFO -- : [8b22aea3-6310-4092-a3a0-ed730447abf0] Completed 500 Internal Server Error in 6ms
F, [2020-02-20T20:57:07.828173 #6317] FATAL -- : [8b22aea3-6310-4092-a3a0-ed730447abf0]   
F, [2020-02-20T20:57:07.828282 #6317] FATAL -- : [8b22aea3-6310-4092-a3a0-ed730447abf0] ActionView::Template::Error (FATAL:  authentification peer échouée pour l'utilisateur « eventbrite_clone »
):
F, [2020-02-20T20:57:07.828481 #6317] FATAL -- : [8b22aea3-6310-4092-a3a0-ed730447abf0]     14: <main class="container">
[8b22aea3-6310-4092-a3a0-ed730447abf0]     15: <h1 class="d-flex justify-content-center">Liste des évènements à venir</h1>
[8b22aea3-6310-4092-a3a0-ed730447abf0]     16: 
[8b22aea3-6310-4092-a3a0-ed730447abf0]     17: <% @events.each do |event| %>
[8b22aea3-6310-4092-a3a0-ed730447abf0]     18: 
[8b22aea3-6310-4092-a3a0-ed730447abf0]     19: <div class="card my-3">
[8b22aea3-6310-4092-a3a0-ed730447abf0]     20:   <div class="card-header">
F, [2020-02-20T20:57:07.828520 #6317] FATAL -- : [8b22aea3-6310-4092-a3a0-ed730447abf0]   
F, [2020-02-20T20:57:07.828561 #6317] FATAL -- : [8b22aea3-6310-4092-a3a0-ed730447abf0] app/views/events/index.html.erb:17:in `_app_views_events_index_html_erb__3753380628771781024_70301266315100'
I, [2020-02-20T20:57:08.149588 #6317]  INFO -- : [57007140-b819-4785-b7a9-3324b84c4b4b] Started GET "/" for 127.0.0.1 at 2020-02-20 20:57:08 +0100
I, [2020-02-20T20:57:08.150725 #6317]  INFO -- : [57007140-b819-4785-b7a9-3324b84c4b4b] Processing by EventsController#index as HTML
I, [2020-02-20T20:57:08.152686 #6317]  INFO -- : [57007140-b819-4785-b7a9-3324b84c4b4b]   Rendering events/index.html.erb within layouts/application
I, [2020-02-20T20:57:08.157116 #6317]  INFO -- : [57007140-b819-4785-b7a9-3324b84c4b4b]   Rendered events/index.html.erb within layouts/application (4.2ms)
I, [2020-02-20T20:57:08.157385 #6317]  INFO -- : [57007140-b819-4785-b7a9-3324b84c4b4b] Completed 500 Internal Server Error in 6ms
F, [2020-02-20T20:57:08.158497 #6317] FATAL -- : [57007140-b819-4785-b7a9-3324b84c4b4b]   
F, [2020-02-20T20:57:08.158697 #6317] FATAL -- : [57007140-b819-4785-b7a9-3324b84c4b4b] ActionView::Template::Error (FATAL:  authentification peer échouée pour l'utilisateur « eventbrite_clone »
):
F, [2020-02-20T20:57:08.158917 #6317] FATAL -- : [57007140-b819-4785-b7a9-3324b84c4b4b]     14: <main class="container">
[57007140-b819-4785-b7a9-3324b84c4b4b]     15: <h1 class="d-flex justify-content-center">Liste des évènements à venir</h1>
[57007140-b819-4785-b7a9-3324b84c4b4b]     16: 
[57007140-b819-4785-b7a9-3324b84c4b4b]     17: <% @events.each do |event| %>
[57007140-b819-4785-b7a9-3324b84c4b4b]     18: 
[57007140-b819-4785-b7a9-3324b84c4b4b]     19: <div class="card my-3">
[57007140-b819-4785-b7a9-3324b84c4b4b]     20:   <div class="card-header">
F, [2020-02-20T20:57:08.158960 #6317] FATAL -- : [57007140-b819-4785-b7a9-3324b84c4b4b]   
F, [2020-02-20T20:57:08.158987 #6317] FATAL -- : [57007140-b819-4785-b7a9-3324b84c4b4b] app/views/events/index.html.erb:17:in `_app_views_events_index_html_erb__3753380628771781024_70301266315100'
I, [2020-02-20T20:57:08.418307 #6317]  INFO -- : [235d4c9a-e696-4ff1-9889-0e72e450b730] Started GET "/" for 127.0.0.1 at 2020-02-20 20:57:08 +0100
I, [2020-02-20T20:57:08.419561 #6317]  INFO -- : [235d4c9a-e696-4ff1-9889-0e72e450b730] Processing by EventsController#index as HTML
I, [2020-02-20T20:57:08.421288 #6317]  INFO -- : [235d4c9a-e696-4ff1-9889-0e72e450b730]   Rendering events/index.html.erb within layouts/application
I, [2020-02-20T20:57:08.426819 #6317]  INFO -- : [235d4c9a-e696-4ff1-9889-0e72e450b730]   Rendered events/index.html.erb within layouts/application (5.3ms)
I, [2020-02-20T20:57:08.427084 #6317]  INFO -- : [235d4c9a-e696-4ff1-9889-0e72e450b730] Completed 500 Internal Server Error in 7ms
F, [2020-02-20T20:57:08.428627 #6317] FATAL -- : [235d4c9a-e696-4ff1-9889-0e72e450b730]   
F, [2020-02-20T20:57:08.428744 #6317] FATAL -- : [235d4c9a-e696-4ff1-9889-0e72e450b730] ActionView::Template::Error (FATAL:  authentification peer échouée pour l'utilisateur « eventbrite_clone »
):
F, [2020-02-20T20:57:08.428930 #6317] FATAL -- : [235d4c9a-e696-4ff1-9889-0e72e450b730]     14: <main class="container">
[235d4c9a-e696-4ff1-9889-0e72e450b730]     15: <h1 class="d-flex justify-content-center">Liste des évènements à venir</h1>
[235d4c9a-e696-4ff1-9889-0e72e450b730]     16: 
[235d4c9a-e696-4ff1-9889-0e72e450b730]     17: <% @events.each do |event| %>
[235d4c9a-e696-4ff1-9889-0e72e450b730]     18: 
[235d4c9a-e696-4ff1-9889-0e72e450b730]     19: <div class="card my-3">
[235d4c9a-e696-4ff1-9889-0e72e450b730]     20:   <div class="card-header">
F, [2020-02-20T20:57:08.428970 #6317] FATAL -- : [235d4c9a-e696-4ff1-9889-0e72e450b730]   
F, [2020-02-20T20:57:08.429003 #6317] FATAL -- : [235d4c9a-e696-4ff1-9889-0e72e450b730] app/views/events/index.html.erb:17:in `_app_views_events_index_html_erb__3753380628771781024_70301266315100'
I, [2020-02-20T21:29:56.501935 #7941]  INFO -- : [7bbb4277-523a-4702-9c46-489cb97d6f20] Started GET "/" for 127.0.0.1 at 2020-02-20 21:29:56 +0100
I, [2020-02-20T21:29:56.504021 #7941]  INFO -- : [7bbb4277-523a-4702-9c46-489cb97d6f20] Processing by EventsController#index as HTML
I, [2020-02-20T21:29:56.515908 #7941]  INFO -- : [7bbb4277-523a-4702-9c46-489cb97d6f20]   Rendering events/index.html.erb within layouts/application
I, [2020-02-20T21:29:56.530877 #7941]  INFO -- : [7bbb4277-523a-4702-9c46-489cb97d6f20]   Rendered events/index.html.erb within layouts/application (14.8ms)
I, [2020-02-20T21:29:56.531300 #7941]  INFO -- : [7bbb4277-523a-4702-9c46-489cb97d6f20] Completed 500 Internal Server Error in 27ms
F, [2020-02-20T21:29:56.532777 #7941] FATAL -- : [7bbb4277-523a-4702-9c46-489cb97d6f20]   
F, [2020-02-20T21:29:56.532875 #7941] FATAL -- : [7bbb4277-523a-4702-9c46-489cb97d6f20] ActionView::Template::Error (FATAL:  authentification peer échouée pour l'utilisateur « eventbrite_clone »
):
F, [2020-02-20T21:29:56.533138 #7941] FATAL -- : [7bbb4277-523a-4702-9c46-489cb97d6f20]     14: <main class="container">
[7bbb4277-523a-4702-9c46-489cb97d6f20]     15: <h1 class="d-flex justify-content-center">Liste des évènements à venir</h1>
[7bbb4277-523a-4702-9c46-489cb97d6f20]     16: 
[7bbb4277-523a-4702-9c46-489cb97d6f20]     17: <% @events.each do |event| %>
[7bbb4277-523a-4702-9c46-489cb97d6f20]     18: 
[7bbb4277-523a-4702-9c46-489cb97d6f20]     19: <div class="card my-3">
[7bbb4277-523a-4702-9c46-489cb97d6f20]     20:   <div class="card-header">
F, [2020-02-20T21:29:56.533219 #7941] FATAL -- : [7bbb4277-523a-4702-9c46-489cb97d6f20]   
F, [2020-02-20T21:29:56.533282 #7941] FATAL -- : [7bbb4277-523a-4702-9c46-489cb97d6f20] app/views/events/index.html.erb:17:in `_app_views_events_index_html_erb___2413654403073616457_47311037600020'
I, [2020-02-20T21:29:59.130294 #7941]  INFO -- : [5ec2a0c1-5bd7-40eb-8983-251561029bc2] Started GET "/" for 127.0.0.1 at 2020-02-20 21:29:59 +0100
I, [2020-02-20T21:29:59.131519 #7941]  INFO -- : [5ec2a0c1-5bd7-40eb-8983-251561029bc2] Processing by EventsController#index as HTML
I, [2020-02-20T21:29:59.133440 #7941]  INFO -- : [5ec2a0c1-5bd7-40eb-8983-251561029bc2]   Rendering events/index.html.erb within layouts/application
I, [2020-02-20T21:29:59.138729 #7941]  INFO -- : [5ec2a0c1-5bd7-40eb-8983-251561029bc2]   Rendered events/index.html.erb within layouts/application (5.1ms)
I, [2020-02-20T21:29:59.138969 #7941]  INFO -- : [5ec2a0c1-5bd7-40eb-8983-251561029bc2] Completed 500 Internal Server Error in 7ms
F, [2020-02-20T21:29:59.140002 #7941] FATAL -- : [5ec2a0c1-5bd7-40eb-8983-251561029bc2]   
F, [2020-02-20T21:29:59.140069 #7941] FATAL -- : [5ec2a0c1-5bd7-40eb-8983-251561029bc2] ActionView::Template::Error (FATAL:  authentification peer échouée pour l'utilisateur « eventbrite_clone »
):
F, [2020-02-20T21:29:59.140229 #7941] FATAL -- : [5ec2a0c1-5bd7-40eb-8983-251561029bc2]     14: <main class="container">
[5ec2a0c1-5bd7-40eb-8983-251561029bc2]     15: <h1 class="d-flex justify-content-center">Liste des évènements à venir</h1>
[5ec2a0c1-5bd7-40eb-8983-251561029bc2]     16: 
[5ec2a0c1-5bd7-40eb-8983-251561029bc2]     17: <% @events.each do |event| %>
[5ec2a0c1-5bd7-40eb-8983-251561029bc2]     18: 
[5ec2a0c1-5bd7-40eb-8983-251561029bc2]     19: <div class="card my-3">
[5ec2a0c1-5bd7-40eb-8983-251561029bc2]     20:   <div class="card-header">
F, [2020-02-20T21:29:59.140264 #7941] FATAL -- : [5ec2a0c1-5bd7-40eb-8983-251561029bc2]   
F, [2020-02-20T21:29:59.140291 #7941] FATAL -- : [5ec2a0c1-5bd7-40eb-8983-251561029bc2] app/views/events/index.html.erb:17:in `_app_views_events_index_html_erb___2413654403073616457_47311037600020'
I, [2020-02-20T21:29:59.724941 #7941]  INFO -- : [f0806415-a365-4c96-9905-3022a745c03f] Started GET "/" for 127.0.0.1 at 2020-02-20 21:29:59 +0100
I, [2020-02-20T21:29:59.725630 #7941]  INFO -- : [f0806415-a365-4c96-9905-3022a745c03f] Processing by EventsController#index as HTML
I, [2020-02-20T21:29:59.726939 #7941]  INFO -- : [f0806415-a365-4c96-9905-3022a745c03f]   Rendering events/index.html.erb within layouts/application
I, [2020-02-20T21:29:59.731207 #7941]  INFO -- : [f0806415-a365-4c96-9905-3022a745c03f]   Rendered events/index.html.erb within layouts/application (4.0ms)
I, [2020-02-20T21:29:59.731477 #7941]  INFO -- : [f0806415-a365-4c96-9905-3022a745c03f] Completed 500 Internal Server Error in 6ms
F, [2020-02-20T21:29:59.732843 #7941] FATAL -- : [f0806415-a365-4c96-9905-3022a745c03f]   
F, [2020-02-20T21:29:59.732960 #7941] FATAL -- : [f0806415-a365-4c96-9905-3022a745c03f] ActionView::Template::Error (FATAL:  authentification peer échouée pour l'utilisateur « eventbrite_clone »
):
F, [2020-02-20T21:29:59.733169 #7941] FATAL -- : [f0806415-a365-4c96-9905-3022a745c03f]     14: <main class="container">
[f0806415-a365-4c96-9905-3022a745c03f]     15: <h1 class="d-flex justify-content-center">Liste des évènements à venir</h1>
[f0806415-a365-4c96-9905-3022a745c03f]     16: 
[f0806415-a365-4c96-9905-3022a745c03f]     17: <% @events.each do |event| %>
[f0806415-a365-4c96-9905-3022a745c03f]     18: 
[f0806415-a365-4c96-9905-3022a745c03f]     19: <div class="card my-3">
[f0806415-a365-4c96-9905-3022a745c03f]     20:   <div class="card-header">
F, [2020-02-20T21:29:59.733235 #7941] FATAL -- : [f0806415-a365-4c96-9905-3022a745c03f]   
F, [2020-02-20T21:29:59.733281 #7941] FATAL -- : [f0806415-a365-4c96-9905-3022a745c03f] app/views/events/index.html.erb:17:in `_app_views_events_index_html_erb___2413654403073616457_47311037600020'
